<?xml version="1.0" encoding="UTF-8"?>
<!DOCTYPE suite SYSTEM "http://testng.org/testng-1.0.dtd">
<suite name="Google Test Suite" parallel="tests" thread-count="5">

    <listeners>
        <listener class-name="com.hung.spring.springselenium.kelvin.service.ReportListener" />
    </listeners>

    <test name="Test case 1">
        <classes>
            <class name="com.hung.spring.springselenium.googletest.Google1Test"></class>
        </classes>
    </test>
    <test name="Test case 2">
        <classes>
            <class name="com.hung.spring.springselenium.googletest.Google2Test"></class>
        </classes>
    </test>
    <test name="Test case 3">
        <classes>
            <class name="com.hung.spring.springselenium.googletest.Google1Test"></class>
        </classes>
    </test>
    <test name="Test case 4">
        <classes>
            <class name="com.hung.spring.springselenium.googletest.Google2Test"></class>
        </classes>
    </test>
    <test name="Test case 5">
        <classes>
            <class name="com.hung.spring.springselenium.googletest.Google2Test"></class>
        </classes>
    </test>
</suite>